[0622/201236.195:INFO:CONSOLE(0)] "Error with Permissions-Policy header: Feature xr-spatial-tracking's parameters are ignored.", source:  (0)
[0622/201236.195:INFO:CONSOLE(0)] "Error with Permissions-Policy header: Origin trial controlled feature not enabled: 'attribution-reporting'.", source:  (0)
[0622/201236.195:INFO:CONSOLE(0)] "Error with Permissions-Policy header: Unrecognized feature: 'compute-pressure'.", source:  (0)
[0622/201236.195:INFO:CONSOLE(0)] "Error with Permissions-Policy header: Origin trial controlled feature not enabled: 'interest-cohort'.", source:  (0)
[0622/201236.195:INFO:CONSOLE(0)] "Error with Permissions-Policy header: Unrecognized feature: 'private-state-token-issuance'.", source:  (0)
[0622/201236.195:INFO:CONSOLE(0)] "Error with Permissions-Policy header: Origin trial controlled feature not enabled: 'shared-storage'.", source:  (0)
[0622/201236.195:INFO:CONSOLE(0)] "Error with Permissions-Policy header: Unrecognized feature: 'shared-storage-select-url'.", source:  (0)
[0622/201236.195:INFO:CONSOLE(0)] "Error with Permissions-Policy header: Unrecognized feature: 'private-state-token-redemption'.", source:  (0)
[0622/201236.195:INFO:CONSOLE(0)] "Error with Permissions-Policy header: Unrecognized feature: 'unload'.", source:  (0)
[0622/201236.195:INFO:CONSOLE(0)] "Error with Permissions-Policy header: Unrecognized feature: 'window-management'.", source:  (0)
[0622/201236.195:INFO:CONSOLE(0)] "Document-Policy HTTP header: Unrecognized document policy feature name include-js-call-stacks-in-crash-reports.", source: https://web.whatsapp.com/ (0)
[0622/201239.233:INFO:CONSOLE(163)] "Event handler of 'x-storagemutated-1' event must be added on the initial evaluation of worker script.", source: https://static.whatsapp.net/rsrc.php/v4/yr/r/F0pDDwMgUo3.js (163)
[0622/201438.642:INFO:CONSOLE(163)] "Event handler of 'x-storagemutated-1' event must be added on the initial evaluation of worker script.", source: https://static.whatsapp.net/rsrc.php/v4/yr/r/F0pDDwMgUo3.js (163)
[0622/201521.357:INFO:CONSOLE(4)] "Uncaught (in promise) Error: window is not defined", source: https://web.whatsapp.com/ (4)
[0622/201522.727:INFO:CONSOLE(163)] "Event handler of 'x-storagemutated-1' event must be added on the initial evaluation of worker script.", source: https://static.whatsapp.net/rsrc.php/v4/yr/r/F0pDDwMgUo3.js (163)
[0622/201611.864:INFO:CONSOLE(163)] "Event handler of 'x-storagemutated-1' event must be added on the initial evaluation of worker script.", source: https://static.whatsapp.net/rsrc.php/v4/yr/r/F0pDDwMgUo3.js (163)
[0622/201852.702:INFO:CONSOLE(4)] "Uncaught (in promise) Error: window is not defined", source: https://web.whatsapp.com/ (4)
[0622/201943.074:INFO:CONSOLE(163)] "Event handler of 'x-storagemutated-1' event must be added on the initial evaluation of worker script.", source: https://static.whatsapp.net/rsrc.php/v4/yr/r/F0pDDwMgUo3.js (163)
[0622/202223.854:INFO:CONSOLE(4)] "Uncaught (in promise) Error: window is not defined", source: https://web.whatsapp.com/ (4)
[0622/202314.429:INFO:CONSOLE(163)] "Event handler of 'x-storagemutated-1' event must be added on the initial evaluation of worker script.", source: https://static.whatsapp.net/rsrc.php/v4/yr/r/F0pDDwMgUo3.js (163)
[0622/202555.474:INFO:CONSOLE(4)] "Uncaught (in promise) Error: window is not defined", source: https://web.whatsapp.com/ (4)
[0622/202645.849:INFO:CONSOLE(163)] "Event handler of 'x-storagemutated-1' event must be added on the initial evaluation of worker script.", source: https://static.whatsapp.net/rsrc.php/v4/yr/r/F0pDDwMgUo3.js (163)
[0622/202927.630:INFO:CONSOLE(4)] "Uncaught (in promise) Error: window is not defined", source: https://web.whatsapp.com/ (4)
[0622/203017.906:INFO:CONSOLE(163)] "Event handler of 'x-storagemutated-1' event must be added on the initial evaluation of worker script.", source: https://static.whatsapp.net/rsrc.php/v4/yr/r/F0pDDwMgUo3.js (163)
[0622/203258.962:INFO:CONSOLE(4)] "Uncaught (in promise) Error: window is not defined", source: https://web.whatsapp.com/ (4)
[0622/203349.341:INFO:CONSOLE(163)] "Event handler of 'x-storagemutated-1' event must be added on the initial evaluation of worker script.", source: https://static.whatsapp.net/rsrc.php/v4/yr/r/F0pDDwMgUo3.js (163)
[0622/203630.127:INFO:CONSOLE(4)] "Uncaught (in promise) Error: window is not defined", source: https://web.whatsapp.com/ (4)
[0622/203720.513:INFO:CONSOLE(163)] "Event handler of 'x-storagemutated-1' event must be added on the initial evaluation of worker script.", source: https://static.whatsapp.net/rsrc.php/v4/yr/r/F0pDDwMgUo3.js (163)
[0622/204001.587:INFO:CONSOLE(4)] "Uncaught (in promise) Error: window is not defined", source: https://web.whatsapp.com/ (4)
[0622/204051.995:INFO:CONSOLE(163)] "Event handler of 'x-storagemutated-1' event must be added on the initial evaluation of worker script.", source: https://static.whatsapp.net/rsrc.php/v4/yr/r/F0pDDwMgUo3.js (163)
[0622/204332.917:INFO:CONSOLE(4)] "Uncaught (in promise) Error: window is not defined", source: https://web.whatsapp.com/ (4)
[0622/204423.172:INFO:CONSOLE(163)] "Event handler of 'x-storagemutated-1' event must be added on the initial evaluation of worker script.", source: https://static.whatsapp.net/rsrc.php/v4/yr/r/F0pDDwMgUo3.js (163)
[0622/204704.174:INFO:CONSOLE(4)] "Uncaught (in promise) Error: window is not defined", source: https://web.whatsapp.com/ (4)
[0622/204754.584:INFO:CONSOLE(163)] "Event handler of 'x-storagemutated-1' event must be added on the initial evaluation of worker script.", source: https://static.whatsapp.net/rsrc.php/v4/yr/r/F0pDDwMgUo3.js (163)
[0622/205035.683:INFO:CONSOLE(4)] "Uncaught (in promise) Error: window is not defined", source: https://web.whatsapp.com/ (4)
[0622/205126.058:INFO:CONSOLE(163)] "Event handler of 'x-storagemutated-1' event must be added on the initial evaluation of worker script.", source: https://static.whatsapp.net/rsrc.php/v4/yr/r/F0pDDwMgUo3.js (163)
[0622/205408.248:INFO:CONSOLE(4)] "Uncaught (in promise) Error: window is not defined", source: https://web.whatsapp.com/ (4)
